<?xml version="1.0" encoding="UTF-8"?>
<TestRun id="208043cd-de16-43ed-85ab-4a0b1e1281c4" name="imran@IMRAN_430 2016-01-15 15:59:03" runUser="IMRAN_430\imran" xmlns="http://microsoft.com/schemas/VisualStudio/TeamTest/2010">
  <TestSettings name="Local" id="0f063a22-b4ba-4613-a4a2-0f24466c04ba">
    <Description>These are default test settings for a local test run.</Description>
    <Deployment enabled="false" runDeploymentRoot="imran_IMRAN_430 2016-01-15 15_59_03">
      <DeploymentItem filename="D:\aspose\swagger\swagger-codegen-2.0.17\aspose\csharp\pdf\packages\LinqBridge.1.3.0\lib\net20\LinqBridge.dll" />
      <DeploymentItem filename="D:\aspose\swagger\swagger-codegen-2.0.17\aspose\csharp\pdf\packages\Aspose.Storage_Cloud.1.0.0\lib\Aspose.Storage_Cloud.dll" />
      <DeploymentItem filename="D:\aspose\swagger\swagger-codegen-2.0.17\aspose\csharp\pdf\bin\Debug\ConsoleApplication.exe" />
      <DeploymentItem filename="D:\aspose\swagger\swagger-codegen-2.0.17\aspose\csharp\pdf\bin\Newtonsoft.Json.dll" />
    </Deployment>
    <Execution>
      <TestTypeSpecific />
      <AgentRule name="Execution Agents">
      </AgentRule>
    </Execution>
  </TestSettings>
  <Times creation="2016-01-15T15:59:03.3632849+05:00" queuing="2016-01-15T15:59:03.4007066+05:00" start="2016-01-15T15:59:03.4062095+05:00" finish="2016-01-15T15:59:14.6046976+05:00" />
  <ResultSummary outcome="Failed">
    <Counters total="4" executed="4" passed="1" error="0" failed="3" timeout="0" aborted="0" inconclusive="0" passedButRunAborted="0" notRunnable="0" notExecuted="0" disconnected="0" warning="0" completed="0" inProgress="0" pending="0" />
  </ResultSummary>
  <TestDefinitions>
    <UnitTest name="TestPutUpdateField" storage="d:\aspose\swagger\swagger-codegen-2.0.17\aspose\csharp\pdf\pdftest\bin\debug\pdftest.dll" id="77dcbc6f-1d34-0c2c-d8ac-ec2677c1afae">
      <Execution id="75a3c7d2-5c94-41f6-85f4-9e5f54743d3a" />
      <TestMethod codeBase="D:/aspose/swagger/swagger-codegen-2.0.17/aspose/csharp/pdf/PDFTest/bin/Debug/PDFTest.DLL" adapterTypeName="Microsoft.VisualStudio.TestTools.TestTypes.Unit.UnitTestAdapter, Microsoft.VisualStudio.QualityTools.Tips.UnitTest.Adapter, Version=10.0.0.0, Culture=neutral, PublicKeyToken=b03f5f7f11d50a3a" className="PDFTest.TestPdfApi, PDFTest, Version=1.0.0.0, Culture=neutral, PublicKeyToken=null" name="TestPutUpdateField" />
    </UnitTest>
    <UnitTest name="TestPutUpdateFields" storage="d:\aspose\swagger\swagger-codegen-2.0.17\aspose\csharp\pdf\pdftest\bin\debug\pdftest.dll" id="4a1e0c87-93b4-2852-a359-7554778ed935">
      <Execution id="5a9bd4e1-26ed-4dd2-af27-51c5c3dff758" />
      <TestMethod codeBase="D:/aspose/swagger/swagger-codegen-2.0.17/aspose/csharp/pdf/PDFTest/bin/Debug/PDFTest.DLL" adapterTypeName="Microsoft.VisualStudio.TestTools.TestTypes.Unit.UnitTestAdapter, Microsoft.VisualStudio.QualityTools.Tips.UnitTest.Adapter, Version=10.0.0.0, Culture=neutral, PublicKeyToken=b03f5f7f11d50a3a" className="PDFTest.TestPdfApi, PDFTest, Version=1.0.0.0, Culture=neutral, PublicKeyToken=null" name="TestPutUpdateFields" />
    </UnitTest>
    <UnitTest name="TestPutSetProperty" storage="d:\aspose\swagger\swagger-codegen-2.0.17\aspose\csharp\pdf\pdftest\bin\debug\pdftest.dll" id="f0622397-d5a2-9175-8744-2cadcd55d58e">
      <Execution id="6db6d5d2-932c-4aa7-b0f1-b39455f461b4" />
      <TestMethod codeBase="D:/aspose/swagger/swagger-codegen-2.0.17/aspose/csharp/pdf/PDFTest/bin/Debug/PDFTest.DLL" adapterTypeName="Microsoft.VisualStudio.TestTools.TestTypes.Unit.UnitTestAdapter, Microsoft.VisualStudio.QualityTools.Tips.UnitTest.Adapter, Version=10.0.0.0, Culture=neutral, PublicKeyToken=b03f5f7f11d50a3a" className="PDFTest.TestPdfApi, PDFTest, Version=1.0.0.0, Culture=neutral, PublicKeyToken=null" name="TestPutSetProperty" />
    </UnitTest>
    <UnitTest name="TestPutPageAddStamp" storage="d:\aspose\swagger\swagger-codegen-2.0.17\aspose\csharp\pdf\pdftest\bin\debug\pdftest.dll" id="369d6cb1-d255-4a7c-e78e-3b2f13d5db34">
      <Execution id="59444ef6-0612-45c6-80aa-cba6c837eee9" />
      <TestMethod codeBase="D:/aspose/swagger/swagger-codegen-2.0.17/aspose/csharp/pdf/PDFTest/bin/Debug/PDFTest.DLL" adapterTypeName="Microsoft.VisualStudio.TestTools.TestTypes.Unit.UnitTestAdapter, Microsoft.VisualStudio.QualityTools.Tips.UnitTest.Adapter, Version=10.0.0.0, Culture=neutral, PublicKeyToken=b03f5f7f11d50a3a" className="PDFTest.TestPdfApi, PDFTest, Version=1.0.0.0, Culture=neutral, PublicKeyToken=null" name="TestPutPageAddStamp" />
    </UnitTest>
  </TestDefinitions>
  <TestLists>
    <TestList name="Results Not in a List" id="8c84fa94-04c1-424b-9868-57a2d4851a1d" />
    <TestList name="All Loaded Results" id="19431567-8539-422a-85d7-44ee4e166bda" />
  </TestLists>
  <TestEntries>
    <TestEntry testId="77dcbc6f-1d34-0c2c-d8ac-ec2677c1afae" executionId="75a3c7d2-5c94-41f6-85f4-9e5f54743d3a" testListId="8c84fa94-04c1-424b-9868-57a2d4851a1d" />
    <TestEntry testId="369d6cb1-d255-4a7c-e78e-3b2f13d5db34" executionId="59444ef6-0612-45c6-80aa-cba6c837eee9" testListId="8c84fa94-04c1-424b-9868-57a2d4851a1d" />
    <TestEntry testId="4a1e0c87-93b4-2852-a359-7554778ed935" executionId="5a9bd4e1-26ed-4dd2-af27-51c5c3dff758" testListId="8c84fa94-04c1-424b-9868-57a2d4851a1d" />
    <TestEntry testId="f0622397-d5a2-9175-8744-2cadcd55d58e" executionId="6db6d5d2-932c-4aa7-b0f1-b39455f461b4" testListId="8c84fa94-04c1-424b-9868-57a2d4851a1d" />
  </TestEntries>
  <Results>
    <UnitTestResult executionId="75a3c7d2-5c94-41f6-85f4-9e5f54743d3a" testId="77dcbc6f-1d34-0c2c-d8ac-ec2677c1afae" testName="TestPutUpdateField" computerName="IMRAN_430" duration="00:00:10.9379514" startTime="2016-01-15T15:59:03.4082110+05:00" endTime="2016-01-15T15:59:14.5379538+05:00" testType="13cdc9d9-ddb5-4fa4-a97d-d965ccfc6d4b" outcome="Passed" testListId="8c84fa94-04c1-424b-9868-57a2d4851a1d" relativeResultsDirectory="75a3c7d2-5c94-41f6-85f4-9e5f54743d3a">
    </UnitTestResult>
    <UnitTestResult executionId="59444ef6-0612-45c6-80aa-cba6c837eee9" testId="369d6cb1-d255-4a7c-e78e-3b2f13d5db34" testName="TestPutPageAddStamp" computerName="IMRAN_430" duration="00:00:00.0231674" startTime="2016-01-15T15:59:14.5389549+05:00" endTime="2016-01-15T15:59:14.5646670+05:00" testType="13cdc9d9-ddb5-4fa4-a97d-d965ccfc6d4b" outcome="Failed" testListId="8c84fa94-04c1-424b-9868-57a2d4851a1d" relativeResultsDirectory="59444ef6-0612-45c6-80aa-cba6c837eee9">
      <Output>
        <ErrorInfo>
          <Message>Test method PDFTest.TestPdfApi.TestPutPageAddStamp threw exception: 
System.ArgumentException: An item with the same key has already been added.</Message>
          <StackTrace>    at System.ThrowHelper.ThrowArgumentException(ExceptionResource resource)
   at System.Collections.Generic.Dictionary`2.Insert(TKey key, TValue value, Boolean add)
   at System.Collections.Generic.Dictionary`2.Add(TKey key, TValue value)
   at Com.Aspose.Storage.ApiInvoker.addDefaultHeader(String key, String value)
   at Com.Aspose.Storage.Api.StorageApi..ctor(String apiKey, String appSid, String basePath)
   at PDFTest.TestPdfApi.TestPutPageAddStamp() in D:\aspose\swagger\swagger-codegen-2.0.17\aspose\csharp\pdf\PDFTest\PdfApiTest.cs:line 1367
</StackTrace>
        </ErrorInfo>
      </Output>
    </UnitTestResult>
    <UnitTestResult executionId="5a9bd4e1-26ed-4dd2-af27-51c5c3dff758" testId="4a1e0c87-93b4-2852-a359-7554778ed935" testName="TestPutUpdateFields" computerName="IMRAN_430" duration="00:00:00.0022943" startTime="2016-01-15T15:59:14.5656697+05:00" endTime="2016-01-15T15:59:14.5696749+05:00" testType="13cdc9d9-ddb5-4fa4-a97d-d965ccfc6d4b" outcome="Failed" testListId="8c84fa94-04c1-424b-9868-57a2d4851a1d" relativeResultsDirectory="5a9bd4e1-26ed-4dd2-af27-51c5c3dff758">
      <Output>
        <ErrorInfo>
          <Message>Test method PDFTest.TestPdfApi.TestPutUpdateFields threw exception: 
System.ArgumentException: An item with the same key has already been added.</Message>
          <StackTrace>    at System.ThrowHelper.ThrowArgumentException(ExceptionResource resource)
   at System.Collections.Generic.Dictionary`2.Insert(TKey key, TValue value, Boolean add)
   at System.Collections.Generic.Dictionary`2.Add(TKey key, TValue value)
   at Com.Aspose.Storage.ApiInvoker.addDefaultHeader(String key, String value)
   at Com.Aspose.Storage.Api.StorageApi..ctor(String apiKey, String appSid, String basePath)
   at PDFTest.TestPdfApi.TestPutUpdateFields() in D:\aspose\swagger\swagger-codegen-2.0.17\aspose\csharp\pdf\PDFTest\PdfApiTest.cs:line 1469
</StackTrace>
        </ErrorInfo>
      </Output>
    </UnitTestResult>
    <UnitTestResult executionId="6db6d5d2-932c-4aa7-b0f1-b39455f461b4" testId="f0622397-d5a2-9175-8744-2cadcd55d58e" testName="TestPutSetProperty" computerName="IMRAN_430" duration="00:00:00.0020614" startTime="2016-01-15T15:59:14.5716739+05:00" endTime="2016-01-15T15:59:14.5756767+05:00" testType="13cdc9d9-ddb5-4fa4-a97d-d965ccfc6d4b" outcome="Failed" testListId="8c84fa94-04c1-424b-9868-57a2d4851a1d" relativeResultsDirectory="6db6d5d2-932c-4aa7-b0f1-b39455f461b4">
      <Output>
        <ErrorInfo>
          <Message>Test method PDFTest.TestPdfApi.TestPutSetProperty threw exception: 
System.ArgumentException: An item with the same key has already been added.</Message>
          <StackTrace>    at System.ThrowHelper.ThrowArgumentException(ExceptionResource resource)
   at System.Collections.Generic.Dictionary`2.Insert(TKey key, TValue value, Boolean add)
   at System.Collections.Generic.Dictionary`2.Add(TKey key, TValue value)
   at Com.Aspose.Storage.ApiInvoker.addDefaultHeader(String key, String value)
   at Com.Aspose.Storage.Api.StorageApi..ctor(String apiKey, String appSid, String basePath)
   at PDFTest.TestPdfApi.TestPutSetProperty() in D:\aspose\swagger\swagger-codegen-2.0.17\aspose\csharp\pdf\PDFTest\PdfApiTest.cs:line 1393
</StackTrace>
        </ErrorInfo>
      </Output>
    </UnitTestResult>
  </Results>
</TestRun>