<?xml version="1.0" encoding="UTF-8"?>
<TestRun id="02c3f128-3188-4869-b7d1-54b5707089e1" name="imran@IMRAN_430 2016-01-15 17:06:16" runUser="IMRAN_430\imran" xmlns="http://microsoft.com/schemas/VisualStudio/TeamTest/2010">
  <TestSettings name="Local" id="0f063a22-b4ba-4613-a4a2-0f24466c04ba">
    <Description>These are default test settings for a local test run.</Description>
    <Deployment enabled="false" runDeploymentRoot="imran_IMRAN_430 2016-01-15 17_06_16">
      <DeploymentItem filename="D:\aspose\swagger\swagger-codegen-2.0.17\aspose\csharp\pdf\packages\LinqBridge.1.3.0\lib\net20\LinqBridge.dll" />
      <DeploymentItem filename="D:\aspose\swagger\swagger-codegen-2.0.17\aspose\csharp\pdf\packages\Aspose.Storage_Cloud.1.0.0\lib\Aspose.Storage_Cloud.dll" />
      <DeploymentItem filename="D:\aspose\swagger\swagger-codegen-2.0.17\aspose\csharp\pdf\bin\Debug\ConsoleApplication.exe" />
      <DeploymentItem filename="D:\aspose\swagger\swagger-codegen-2.0.17\aspose\csharp\pdf\bin\Newtonsoft.Json.dll" />
    </Deployment>
    <Execution>
      <TestTypeSpecific />
      <AgentRule name="Execution Agents">
      </AgentRule>
    </Execution>
  </TestSettings>
  <Times creation="2016-01-15T17:06:16.9047513+05:00" queuing="2016-01-15T17:06:16.9399478+05:00" start="2016-01-15T17:06:16.9439510+05:00" finish="2016-01-15T17:06:27.6658331+05:00" />
  <ResultSummary outcome="Failed">
    <Counters total="4" executed="4" passed="1" error="0" failed="3" timeout="0" aborted="0" inconclusive="0" passedButRunAborted="0" notRunnable="0" notExecuted="0" disconnected="0" warning="0" completed="0" inProgress="0" pending="0" />
  </ResultSummary>
  <TestDefinitions>
    <UnitTest name="TestPutUpdateField" storage="d:\aspose\swagger\swagger-codegen-2.0.17\aspose\csharp\pdf\pdftest\bin\debug\pdftest.dll" id="77dcbc6f-1d34-0c2c-d8ac-ec2677c1afae">
      <Execution id="2fed8e6d-2d29-4f97-b101-73e7d2c200bf" />
      <TestMethod codeBase="D:/aspose/swagger/swagger-codegen-2.0.17/aspose/csharp/pdf/PDFTest/bin/Debug/PDFTest.DLL" adapterTypeName="Microsoft.VisualStudio.TestTools.TestTypes.Unit.UnitTestAdapter, Microsoft.VisualStudio.QualityTools.Tips.UnitTest.Adapter, Version=10.0.0.0, Culture=neutral, PublicKeyToken=b03f5f7f11d50a3a" className="PDFTest.TestPdfApi, PDFTest, Version=1.0.0.0, Culture=neutral, PublicKeyToken=null" name="TestPutUpdateField" />
    </UnitTest>
    <UnitTest name="TestPutUpdateFields" storage="d:\aspose\swagger\swagger-codegen-2.0.17\aspose\csharp\pdf\pdftest\bin\debug\pdftest.dll" id="4a1e0c87-93b4-2852-a359-7554778ed935">
      <Execution id="12e1083f-cc8e-4c9c-af04-334cc1d9a6fc" />
      <TestMethod codeBase="D:/aspose/swagger/swagger-codegen-2.0.17/aspose/csharp/pdf/PDFTest/bin/Debug/PDFTest.DLL" adapterTypeName="Microsoft.VisualStudio.TestTools.TestTypes.Unit.UnitTestAdapter, Microsoft.VisualStudio.QualityTools.Tips.UnitTest.Adapter, Version=10.0.0.0, Culture=neutral, PublicKeyToken=b03f5f7f11d50a3a" className="PDFTest.TestPdfApi, PDFTest, Version=1.0.0.0, Culture=neutral, PublicKeyToken=null" name="TestPutUpdateFields" />
    </UnitTest>
    <UnitTest name="TestPutSetProperty" storage="d:\aspose\swagger\swagger-codegen-2.0.17\aspose\csharp\pdf\pdftest\bin\debug\pdftest.dll" id="f0622397-d5a2-9175-8744-2cadcd55d58e">
      <Execution id="694f0f7c-eb65-46f7-a09f-548aab63dc18" />
      <TestMethod codeBase="D:/aspose/swagger/swagger-codegen-2.0.17/aspose/csharp/pdf/PDFTest/bin/Debug/PDFTest.DLL" adapterTypeName="Microsoft.VisualStudio.TestTools.TestTypes.Unit.UnitTestAdapter, Microsoft.VisualStudio.QualityTools.Tips.UnitTest.Adapter, Version=10.0.0.0, Culture=neutral, PublicKeyToken=b03f5f7f11d50a3a" className="PDFTest.TestPdfApi, PDFTest, Version=1.0.0.0, Culture=neutral, PublicKeyToken=null" name="TestPutSetProperty" />
    </UnitTest>
    <UnitTest name="TestPutPageAddStamp" storage="d:\aspose\swagger\swagger-codegen-2.0.17\aspose\csharp\pdf\pdftest\bin\debug\pdftest.dll" id="369d6cb1-d255-4a7c-e78e-3b2f13d5db34">
      <Execution id="fce93909-cc45-4ec4-8b0f-1f4a9bfa1864" />
      <TestMethod codeBase="D:/aspose/swagger/swagger-codegen-2.0.17/aspose/csharp/pdf/PDFTest/bin/Debug/PDFTest.DLL" adapterTypeName="Microsoft.VisualStudio.TestTools.TestTypes.Unit.UnitTestAdapter, Microsoft.VisualStudio.QualityTools.Tips.UnitTest.Adapter, Version=10.0.0.0, Culture=neutral, PublicKeyToken=b03f5f7f11d50a3a" className="PDFTest.TestPdfApi, PDFTest, Version=1.0.0.0, Culture=neutral, PublicKeyToken=null" name="TestPutPageAddStamp" />
    </UnitTest>
  </TestDefinitions>
  <TestLists>
    <TestList name="Results Not in a List" id="8c84fa94-04c1-424b-9868-57a2d4851a1d" />
    <TestList name="All Loaded Results" id="19431567-8539-422a-85d7-44ee4e166bda" />
  </TestLists>
  <TestEntries>
    <TestEntry testId="77dcbc6f-1d34-0c2c-d8ac-ec2677c1afae" executionId="2fed8e6d-2d29-4f97-b101-73e7d2c200bf" testListId="8c84fa94-04c1-424b-9868-57a2d4851a1d" />
    <TestEntry testId="369d6cb1-d255-4a7c-e78e-3b2f13d5db34" executionId="fce93909-cc45-4ec4-8b0f-1f4a9bfa1864" testListId="8c84fa94-04c1-424b-9868-57a2d4851a1d" />
    <TestEntry testId="4a1e0c87-93b4-2852-a359-7554778ed935" executionId="12e1083f-cc8e-4c9c-af04-334cc1d9a6fc" testListId="8c84fa94-04c1-424b-9868-57a2d4851a1d" />
    <TestEntry testId="f0622397-d5a2-9175-8744-2cadcd55d58e" executionId="694f0f7c-eb65-46f7-a09f-548aab63dc18" testListId="8c84fa94-04c1-424b-9868-57a2d4851a1d" />
  </TestEntries>
  <Results>
    <UnitTestResult executionId="2fed8e6d-2d29-4f97-b101-73e7d2c200bf" testId="77dcbc6f-1d34-0c2c-d8ac-ec2677c1afae" testName="TestPutUpdateField" computerName="IMRAN_430" duration="00:00:10.5130324" startTime="2016-01-15T17:06:16.9454514+05:00" endTime="2016-01-15T17:06:27.6298270+05:00" testType="13cdc9d9-ddb5-4fa4-a97d-d965ccfc6d4b" outcome="Passed" testListId="8c84fa94-04c1-424b-9868-57a2d4851a1d" relativeResultsDirectory="2fed8e6d-2d29-4f97-b101-73e7d2c200bf">
    </UnitTestResult>
    <UnitTestResult executionId="fce93909-cc45-4ec4-8b0f-1f4a9bfa1864" testId="369d6cb1-d255-4a7c-e78e-3b2f13d5db34" testName="TestPutPageAddStamp" computerName="IMRAN_430" duration="00:00:00.0112390" startTime="2016-01-15T17:06:27.6308080+05:00" endTime="2016-01-15T17:06:27.6438333+05:00" testType="13cdc9d9-ddb5-4fa4-a97d-d965ccfc6d4b" outcome="Failed" testListId="8c84fa94-04c1-424b-9868-57a2d4851a1d" relativeResultsDirectory="fce93909-cc45-4ec4-8b0f-1f4a9bfa1864">
      <Output>
        <ErrorInfo>
          <Message>Test method PDFTest.TestPdfApi.TestPutPageAddStamp threw exception: 
System.ArgumentException: An item with the same key has already been added.</Message>
          <StackTrace>    at System.ThrowHelper.ThrowArgumentException(ExceptionResource resource)
   at System.Collections.Generic.Dictionary`2.Insert(TKey key, TValue value, Boolean add)
   at System.Collections.Generic.Dictionary`2.Add(TKey key, TValue value)
   at Com.Aspose.Storage.ApiInvoker.addDefaultHeader(String key, String value)
   at Com.Aspose.Storage.Api.StorageApi..ctor(String apiKey, String appSid, String basePath)
   at PDFTest.TestPdfApi.TestPutPageAddStamp() in D:\aspose\swagger\swagger-codegen-2.0.17\aspose\csharp\pdf\PDFTest\PdfApiTest.cs:line 1367
</StackTrace>
        </ErrorInfo>
      </Output>
    </UnitTestResult>
    <UnitTestResult executionId="12e1083f-cc8e-4c9c-af04-334cc1d9a6fc" testId="4a1e0c87-93b4-2852-a359-7554778ed935" testName="TestPutUpdateFields" computerName="IMRAN_430" duration="00:00:00.0021640" startTime="2016-01-15T17:06:27.6448187+05:00" endTime="2016-01-15T17:06:27.6488231+05:00" testType="13cdc9d9-ddb5-4fa4-a97d-d965ccfc6d4b" outcome="Failed" testListId="8c84fa94-04c1-424b-9868-57a2d4851a1d" relativeResultsDirectory="12e1083f-cc8e-4c9c-af04-334cc1d9a6fc">
      <Output>
        <ErrorInfo>
          <Message>Test method PDFTest.TestPdfApi.TestPutUpdateFields threw exception: 
System.ArgumentException: An item with the same key has already been added.</Message>
          <StackTrace>    at System.ThrowHelper.ThrowArgumentException(ExceptionResource resource)
   at System.Collections.Generic.Dictionary`2.Insert(TKey key, TValue value, Boolean add)
   at System.Collections.Generic.Dictionary`2.Add(TKey key, TValue value)
   at Com.Aspose.Storage.ApiInvoker.addDefaultHeader(String key, String value)
   at Com.Aspose.Storage.Api.StorageApi..ctor(String apiKey, String appSid, String basePath)
   at PDFTest.TestPdfApi.TestPutUpdateFields() in D:\aspose\swagger\swagger-codegen-2.0.17\aspose\csharp\pdf\PDFTest\PdfApiTest.cs:line 1469
</StackTrace>
        </ErrorInfo>
      </Output>
    </UnitTestResult>
    <UnitTestResult executionId="694f0f7c-eb65-46f7-a09f-548aab63dc18" testId="f0622397-d5a2-9175-8744-2cadcd55d58e" testName="TestPutSetProperty" computerName="IMRAN_430" duration="00:00:00.0024486" startTime="2016-01-15T17:06:27.6498218+05:00" endTime="2016-01-15T17:06:27.6548253+05:00" testType="13cdc9d9-ddb5-4fa4-a97d-d965ccfc6d4b" outcome="Failed" testListId="8c84fa94-04c1-424b-9868-57a2d4851a1d" relativeResultsDirectory="694f0f7c-eb65-46f7-a09f-548aab63dc18">
      <Output>
        <ErrorInfo>
          <Message>Test method PDFTest.TestPdfApi.TestPutSetProperty threw exception: 
System.ArgumentException: An item with the same key has already been added.</Message>
          <StackTrace>    at System.ThrowHelper.ThrowArgumentException(ExceptionResource resource)
   at System.Collections.Generic.Dictionary`2.Insert(TKey key, TValue value, Boolean add)
   at System.Collections.Generic.Dictionary`2.Add(TKey key, TValue value)
   at Com.Aspose.Storage.ApiInvoker.addDefaultHeader(String key, String value)
   at Com.Aspose.Storage.Api.StorageApi..ctor(String apiKey, String appSid, String basePath)
   at PDFTest.TestPdfApi.TestPutSetProperty() in D:\aspose\swagger\swagger-codegen-2.0.17\aspose\csharp\pdf\PDFTest\PdfApiTest.cs:line 1393
</StackTrace>
        </ErrorInfo>
      </Output>
    </UnitTestResult>
  </Results>
</TestRun>